<?xml version="1.0" encoding="UTF-8"?>
<!-- Generated by org.testng.reporters.JUnitReportReporter -->
<testsuite skipped="0" hostname="DESKTOP-3EINJNF" name="testcases.WDEListeners" tests="1" failures="0" timestamp="2020-07-16T17:10:12 BST" time="2.581" errors="0">
  <testcase name="TestScenario" time="2.581" classname="testcases.WDEListeners"/>
  <system-out/>
</testsuite> <!-- testcases.WDEListeners -->
