<?xml version="1.0" encoding="UTF-8"?>
<!-- Generated by org.testng.reporters.JUnitReportReporter -->
<testsuite skipped="0" hostname="DESKTOP-3EINJNF" name="listenersTestScenarios.TC_ListenersTesting" tests="1" failures="0" timestamp="2020-07-18T07:31:41 BST" time="2.920" errors="0">
  <testcase name="TestScenario" time="2.920" classname="listenersTestScenarios.TC_ListenersTesting"/>
  <system-out/>
</testsuite> <!-- listenersTestScenarios.TC_ListenersTesting -->
